<?xml version="1.0" encoding="UTF-8"?>
<testsuite name="editor.factory.DocumentFactoryTest" tests="12" skipped="0" failures="0" errors="0" timestamp="2025-12-15T15:23:53" hostname="LENOVOT590" time="0.043">
  <properties/>
  <testcase name="Factory should throw exception for unknown format" classname="editor.factory.DocumentFactoryTest" time="0.002"/>
  <testcase name="Factory should support registerAll" classname="editor.factory.DocumentFactoryTest" time="0.001"/>
  <testcase name="Factory should register and create HTML documents" classname="editor.factory.DocumentFactoryTest" time="0.002"/>
  <testcase name="Factory should not accept null provider" classname="editor.factory.DocumentFactoryTest" time="0.002"/>
  <testcase name="Factory should register and create PDF documents" classname="editor.factory.DocumentFactoryTest" time="0.001"/>
  <testcase name="Factory should support fluent registration" classname="editor.factory.DocumentFactoryTest" time="0.003"/>
  <testcase name="Factory should check supported formats" classname="editor.factory.DocumentFactoryTest" time="0.001"/>
  <testcase name="Factory should return supported formats" classname="editor.factory.DocumentFactoryTest" time="0.002"/>
  <testcase name="New format can be registered without modifying factory" classname="editor.factory.DocumentFactoryTest" time="0.009"/>
  <testcase name="createDefault should return pre-configured factory" classname="editor.factory.DocumentFactoryTest" time="0.001"/>
  <testcase name="Factory should register and create Word documents" classname="editor.factory.DocumentFactoryTest" time="0.001"/>
  <testcase name="Factory should be case insensitive" classname="editor.factory.DocumentFactoryTest" time="0.002"/>
  <system-out><![CDATA[]]></system-out>
  <system-err><![CDATA[]]></system-err>
</testsuite>
