<?xml version="1.0" encoding="UTF-8"?>
<testsuite name="car.builder.CarConfigurationWizardTest" tests="7" skipped="0" failures="0" errors="0" timestamp="2025-12-15T15:23:52" hostname="LENOVOT590" time="0.053">
  <properties/>
  <testcase name="Wizard should allow optional steps to be chained" classname="car.builder.CarConfigurationWizardTest" time="0.017"/>
  <testcase name="Wizard with custom builder should work" classname="car.builder.CarConfigurationWizardTest" time="0.007"/>
  <testcase name="Wizard should build car with minimal options" classname="car.builder.CarConfigurationWizardTest" time="0.002"/>
  <testcase name="buildLuxurySUV should create fully loaded SUV" classname="car.builder.CarConfigurationWizardTest" time="0.004"/>
  <testcase name="buildSportsCar should create performance car" classname="car.builder.CarConfigurationWizardTest" time="0.003"/>
  <testcase name="buildBasicSedan should create valid sedan" classname="car.builder.CarConfigurationWizardTest" time="0.002"/>
  <testcase name="Wizard should enforce step order through interfaces" classname="car.builder.CarConfigurationWizardTest" time="0.001"/>
  <system-out><![CDATA[]]></system-out>
  <system-err><![CDATA[]]></system-err>
</testsuite>
