<?xml version="1.0" encoding="UTF-8"?>
<testsuite name="car.domain.CarDomainTest" tests="14" skipped="0" failures="0" errors="0" timestamp="2025-12-15T15:23:52" hostname="LENOVOT590" time="0.044">
  <properties/>
  <testcase name="Sports car should only support manual transmission" classname="car.domain.CarDomainTest" time="0.002"/>
  <testcase name="All enums should have proper toString" classname="car.domain.CarDomainTest" time="0.001"/>
  <testcase name="Sedan should only support V6 engine" classname="car.domain.CarDomainTest" time="0.001"/>
  <testcase name="CarModel should return allowed options sets" classname="car.domain.CarDomainTest" time="0.001"/>
  <testcase name="Sports car should only support V8 engine" classname="car.domain.CarDomainTest" time="0.001"/>
  <testcase name="Car toString should be descriptive" classname="car.domain.CarDomainTest" time="0.001"/>
  <testcase name="CarModel should have display name" classname="car.domain.CarDomainTest" time="0.001"/>
  <testcase name="SUV should support all engines" classname="car.domain.CarDomainTest" time="0.001"/>
  <testcase name="Car should provide summary" classname="car.domain.CarDomainTest" time="0.003"/>
  <testcase name="Car should be immutable" classname="car.domain.CarDomainTest" time="0.005"/>
  <testcase name="Compact should only support automatic transmission" classname="car.domain.CarDomainTest" time="0.001"/>
  <testcase name="EngineType should have display name and horsepower" classname="car.domain.CarDomainTest" time="0.001"/>
  <testcase name="Car equals should handle null and different types" classname="car.domain.CarDomainTest" time="0.003"/>
  <testcase name="Car equals and hashCode should work correctly" classname="car.domain.CarDomainTest" time="0.002"/>
  <system-out><![CDATA[]]></system-out>
  <system-err><![CDATA[]]></system-err>
</testsuite>
